<?xml version="1.0" encoding="UTF-8"?>
<testsuite name="fizzBuzzTest.FizzBuzzTest" tests="1" skipped="0" failures="0" errors="0" timestamp="2020-02-28T11:02:05" hostname="VI-LLLR0AJGUC" time="0.141">
  <properties/>
  <testcase name="should return 1 given 1 ()" classname="fizzBuzzTest.FizzBuzzTest" time="0.141"/>
  <system-out><![CDATA[]]></system-out>
  <system-err><![CDATA[]]></system-err>
</testsuite>
