<?xml version="1.0" encoding="UTF-8"?>
<testsuite name="jlpCodingChallenges.SokobanMoveTest" tests="15" skipped="0" failures="0" errors="0" timestamp="2020-02-29T16:02:54" hostname="VI-LLLR0AJGUC" time="0.278">
  <properties/>
  <testcase name="should return unchanged array when move is illegal ()" classname="jlpCodingChallenges.SokobanMoveTest" time="0.174"/>
  <testcase name="should return changed array with b moved when move is right and right char is b ()" classname="jlpCodingChallenges.SokobanMoveTest" time="0.044"/>
  <testcase name="should return changed array with b moved when move is left and left char is b ()" classname="jlpCodingChallenges.SokobanMoveTest" time="0.001"/>
  <testcase name="should return changed array with P when move is right and right char is * ()" classname="jlpCodingChallenges.SokobanMoveTest" time="0.004"/>
  <testcase name="should return changed array with P when move is left and left char is * ()" classname="jlpCodingChallenges.SokobanMoveTest" time="0.001"/>
  <testcase name="should return unchanged array with b moved when move is right and right char is b against a wall ()" classname="jlpCodingChallenges.SokobanMoveTest" time="0.001"/>
  <testcase name="should return unchanged array with b moved when move is left and left char is b against a box ()" classname="jlpCodingChallenges.SokobanMoveTest" time="0.002"/>
  <testcase name="should return changed array with b moved when move is left and left char is b against a * ()" classname="jlpCodingChallenges.SokobanMoveTest" time="0.0"/>
  <testcase name="should return unchanged array with b moved when move is right and right char is b against a box ()" classname="jlpCodingChallenges.SokobanMoveTest" time="0.001"/>
  <testcase name="should return unchanged array when move is left and left char is # ()" classname="jlpCodingChallenges.SokobanMoveTest" time="0.002"/>
  <testcase name="should return changed array when move is left and left char is space ()" classname="jlpCodingChallenges.SokobanMoveTest" time="0.001"/>
  <testcase name="should return unchanged array with b moved when move is left and left char is b against a wall ()" classname="jlpCodingChallenges.SokobanMoveTest" time="0.003"/>
  <testcase name="should return unchanged array when move is right and right char is # ()" classname="jlpCodingChallenges.SokobanMoveTest" time="0.006"/>
  <testcase name="should return changed array when move is right and right char is space ()" classname="jlpCodingChallenges.SokobanMoveTest" time="0.004"/>
  <testcase name="should return changed array with b moved when move is right and right char is b against a * ()" classname="jlpCodingChallenges.SokobanMoveTest" time="0.003"/>
  <system-out><![CDATA[here0 #     pb b  #
here1 p pos 6
here2 b pos 7
here0 #     bp b  #
here1 p pos 7
here2 b pos 6
here0 # p*        #
here1 p pos 2
here2 * pos 3
here0 #*p         #
here1 p pos 2
here2 * pos 1
here0 #        bpb#
here1 p pos 10
here2 b pos 11
here0 #bbp     b  #
here1 p pos 3
here2 b pos 2
here0 #*bp     b  #
here1 p pos 3
here2 b pos 2
here0 #   b    pbb#
here1 p pos 9
here2 b pos 10
here0 #p        * #
here1 p pos 1
here2 # pos 0
here0 # p       * #
here1 p pos 2
here2   pos 1
here0 #bp      b  #
here1 p pos 2
here2 b pos 1
here0 #         *p#
here1 p pos 11
here2 # pos 12
here0 # p       * #
here1 p pos 2
here2   pos 3
here0 # pb*    b  #
here1 p pos 2
here2 b pos 3
]]></system-out>
  <system-err><![CDATA[]]></system-err>
</testsuite>
